Using pre-set license
Built from '2020.3/china_unity/release' branch; Version is '2020.3.32f1c1 (76260b79758e) revision 7742987'; Using compiler version '192528614'; Build Type 'Release'
OS: 'Windows 11  (10.0.22000) 64bit CoreCountrySpecific' Language: 'zh' Physical Memory: 65274 MB
BatchMode: 1, IsHumanControllingUs: 0, StartBugReporterOnCrash: 0, Is64bit: 1, IsPro: 0

COMMAND LINE ARGUMENTS:
C:\Program Files\Unity\Hub\Editor\2020.3.32f1c1\Editor\Unity.exe
-adb2
-batchMode
-noUpm
-name
AssetImportWorker0
-projectPath
D:/Github/GumBall/GumBall
-logFile
Logs/AssetImportWorker0.log
-srvPort
64818
Successfully changed project path to: D:/Github/GumBall/GumBall
D:/Github/GumBall/GumBall
Using Asset Import Pipeline V2.
AS: AutoStreaming module initializing.Refreshing native plugins compatible for Editor in 74.07 ms, found 2 plugins.
Preloading 0 native plugins for Editor in 0.00 ms.
Initialize engine version: 2020.3.32f1c1 (76260b79758e)
[Subsystems] Discovering subsystems at path C:/Program Files/Unity/Hub/Editor/2020.3.32f1c1/Editor/Data/Resources/UnitySubsystems
[Subsystems] Discovering subsystems at path D:/Github/GumBall/GumBall/Assets
GfxDevice: creating device client; threaded=0
Direct3D:
    Version:  Direct3D 11.0 [level 11.1]
    Renderer: NVIDIA GeForce RTX 3060 Laptop GPU (ID=0x2520)
    Vendor:   
    VRAM:     6023 MB
    Driver:   30.0.14.9649
Initialize mono
Mono path[0] = 'C:/Program Files/Unity/Hub/Editor/2020.3.32f1c1/Editor/Data/Managed'
Mono path[1] = 'C:/Program Files/Unity/Hub/Editor/2020.3.32f1c1/Editor/Data/MonoBleedingEdge/lib/mono/unityjit'
Mono config path = 'C:/Program Files/Unity/Hub/Editor/2020.3.32f1c1/Editor/Data/MonoBleedingEdge/etc'
Using monoOptions --debugger-agent=transport=dt_socket,embedding=1,server=y,suspend=n,address=127.0.0.1:56880
Begin MonoManager ReloadAssembly
Registering precompiled unity dll's ...
Register platform support module: C:/Program Files/Unity/Hub/Editor/2020.3.32f1c1/Editor/Data/PlaybackEngines/WebGLSupport/UnityEditor.WebGL.Extensions.dll
Register platform support module: C:/Program Files/Unity/Hub/Editor/2020.3.32f1c1/Editor/Data/PlaybackEngines/WindowsStandaloneSupport/UnityEditor.WindowsStandalone.Extensions.dll
Registered in 0.001716 seconds.
Native extension for WindowsStandalone target not found
Native extension for WebGL target not found
Refreshing native plugins compatible for Editor in 63.62 ms, found 2 plugins.
Preloading 0 native plugins for Editor in 0.00 ms.
Mono: successfully reloaded assembly
- Completed reload, in  0.499 seconds
Domain Reload Profiling:
	ReloadAssembly (499ms)
		BeginReloadAssembly (50ms)
			ExecutionOrderSort (0ms)
			DisableScriptedObjects (0ms)
			BackupInstance (0ms)
			ReleaseScriptingObjects (0ms)
			CreateAndSetChildDomain (1ms)
		EndReloadAssembly (389ms)
			LoadAssemblies (49ms)
			RebuildTransferFunctionScriptingTraits (0ms)
			SetupTypeCache (120ms)
			ReleaseScriptCaches (0ms)
			RebuildScriptCaches (22ms)
			SetupLoadedEditorAssemblies (162ms)
				LogAssemblyErrors (0ms)
				InitializePlatformSupportModulesInManaged (4ms)
				SetLoadedEditorAssemblies (0ms)
				RefreshPlugins (64ms)
				BeforeProcessingInitializeOnLoad (12ms)
				ProcessInitializeOnLoadAttributes (62ms)
				ProcessInitializeOnLoadMethodAttributes (21ms)
				AfterProcessingInitializeOnLoad (0ms)
				EditorAssembliesLoaded (0ms)
			ExecutionOrderSort2 (0ms)
			AwakeInstancesAfterBackupRestoration (0ms)
Platform modules already initialized, skipping
Registering precompiled user dll's ...
Registered in 0.006254 seconds.
Begin MonoManager ReloadAssembly
Native extension for WindowsStandalone target not found
Native extension for WebGL target not found
Refreshing native plugins compatible for Editor in 62.54 ms, found 2 plugins.
Preloading 0 native plugins for Editor in 0.00 ms.
Mono: successfully reloaded assembly
- Completed reload, in  1.070 seconds
Domain Reload Profiling:
	ReloadAssembly (1071ms)
		BeginReloadAssembly (137ms)
			ExecutionOrderSort (0ms)
			DisableScriptedObjects (4ms)
			BackupInstance (0ms)
			ReleaseScriptingObjects (0ms)
			CreateAndSetChildDomain (19ms)
		EndReloadAssembly (881ms)
			LoadAssemblies (101ms)
			RebuildTransferFunctionScriptingTraits (0ms)
			SetupTypeCache (256ms)
			ReleaseScriptCaches (1ms)
			RebuildScriptCaches (45ms)
			SetupLoadedEditorAssemblies (384ms)
				LogAssemblyErrors (0ms)
				InitializePlatformSupportModulesInManaged (3ms)
				SetLoadedEditorAssemblies (0ms)
				RefreshPlugins (63ms)
				BeforeProcessingInitializeOnLoad (93ms)
				ProcessInitializeOnLoadAttributes (173ms)
				ProcessInitializeOnLoadMethodAttributes (49ms)
				AfterProcessingInitializeOnLoad (4ms)
				EditorAssembliesLoaded (0ms)
			ExecutionOrderSort2 (0ms)
			AwakeInstancesAfterBackupRestoration (5ms)
Platform modules already initialized, skipping
========================================================================
Worker process is ready to serve import requests
Launched and connected shader compiler UnityShaderCompiler.exe after 0.03 seconds
Refreshing native plugins compatible for Editor in 0.75 ms, found 2 plugins.
Preloading 0 native plugins for Editor in 0.00 ms.
Unloading 3457 Unused Serialized files (Serialized files now loaded: 0)
System memory in use before: 148.9 MB.
System memory in use after: 149.1 MB.

Unloading 56 unused Assets to reduce memory usage. Loaded Objects now: 3871.
Total: 4.750000 ms (FindLiveObjects: 0.183000 ms CreateObjectMapping: 0.072600 ms MarkObjects: 4.399200 ms  DeleteObjects: 0.094600 ms)

AssetImportParameters requested are different than current active one (requested -> active):
  custom:framework-win-MediaFoundation: 216162199b28c13a410421893ffa2e32 -> 
  custom:video-decoder-ogg-theora: a1e56fd34408186e4bbccfd4996cb3dc -> 
  custom:container-muxer-webm: aa71ff27fc2769a1b78a27578f13a17b -> 
  custom:container-demuxer-webm: 4f35f7cbe854078d1ac9338744f61a02 -> 
  custom:container-demuxer-ogg: 62fdf1f143b41e24485cea50d1cbac27 -> 
  custom:video-encoder-webm-vp8: eb34c28f22e8b96e1ab97ce403110664 -> 
  custom:video-codec-MediaFoundation-h265: 746d11721c4dcdbdad8f713fa42b33f4 -> 
  custom:video-decoder-webm-vp8: 9c59270c3fd7afecdb556c50c9e8de78 -> 
  custom:audio-decoder-ogg-vorbis: bf7c407c2cedff20999df2af8eb42d56 -> 
  custom:audio-encoder-webm-vorbis: bf7c407c2cedff20999df2af8eb42d56 -> 
========================================================================
Received Import Request.
  path: Assets/Prefab/HandleManager.prefab
  artifactKey: Guid(d63614b191de9c442811088a71bdf4bc) Importer(815301076,1909f56bfc062723c751e8b465ee728b)
Start importing Assets/Prefab/HandleManager.prefab using Guid(d63614b191de9c442811088a71bdf4bc) Importer(815301076,1909f56bfc062723c751e8b465ee728b)  -> (artifact id: '00616e4be9b5337381068b297eea4f47') in 0.189182 seconds 
========================================================================
Received Import Request.
  Time since last request: 54.493736 seconds.
  path: Assets/Prefab/HandleManager.prefab
  artifactKey: Guid(d63614b191de9c442811088a71bdf4bc) Importer(815301076,1909f56bfc062723c751e8b465ee728b)
Start importing Assets/Prefab/HandleManager.prefab using Guid(d63614b191de9c442811088a71bdf4bc) Importer(815301076,1909f56bfc062723c751e8b465ee728b)  -> (artifact id: 'f3c262c3fd94f80e76712051196a2a06') in 0.027084 seconds 
========================================================================
Received Prepare
Registering precompiled user dll's ...
Registered in 0.008005 seconds.
Begin MonoManager ReloadAssembly
Native extension for WindowsStandalone target not found
Native extension for WebGL target not found
Refreshing native plugins compatible for Editor in 0.88 ms, found 2 plugins.
Preloading 0 native plugins for Editor in 0.00 ms.
Mono: successfully reloaded assembly
- Completed reload, in  1.163 seconds
Domain Reload Profiling:
	ReloadAssembly (1164ms)
		BeginReloadAssembly (147ms)
			ExecutionOrderSort (0ms)
			DisableScriptedObjects (10ms)
			BackupInstance (0ms)
			ReleaseScriptingObjects (0ms)
			CreateAndSetChildDomain (44ms)
		EndReloadAssembly (950ms)
			LoadAssemblies (117ms)
			RebuildTransferFunctionScriptingTraits (0ms)
			SetupTypeCache (305ms)
			ReleaseScriptCaches (2ms)
			RebuildScriptCaches (49ms)
			SetupLoadedEditorAssemblies (365ms)
				LogAssemblyErrors (0ms)
				InitializePlatformSupportModulesInManaged (5ms)
				SetLoadedEditorAssemblies (1ms)
				RefreshPlugins (1ms)
				BeforeProcessingInitializeOnLoad (119ms)
				ProcessInitializeOnLoadAttributes (181ms)
				ProcessInitializeOnLoadMethodAttributes (54ms)
				AfterProcessingInitializeOnLoad (5ms)
				EditorAssembliesLoaded (0ms)
			ExecutionOrderSort2 (0ms)
			AwakeInstancesAfterBackupRestoration (14ms)
Platform modules already initialized, skipping
Refreshing native plugins compatible for Editor in 0.81 ms, found 2 plugins.
Preloading 0 native plugins for Editor in 0.00 ms.
Unloading 3343 Unused Serialized files (Serialized files now loaded: 0)
System memory in use before: 146.5 MB.
System memory in use after: 146.8 MB.

Unloading 47 unused Assets to reduce memory usage. Loaded Objects now: 3919.
Total: 5.831900 ms (FindLiveObjects: 0.664400 ms CreateObjectMapping: 0.197900 ms MarkObjects: 4.914800 ms  DeleteObjects: 0.053700 ms)

AssetImportParameters requested are different than current active one (requested -> active):
  custom:framework-win-MediaFoundation: 216162199b28c13a410421893ffa2e32 -> 
  custom:video-decoder-ogg-theora: a1e56fd34408186e4bbccfd4996cb3dc -> 
  custom:container-muxer-webm: aa71ff27fc2769a1b78a27578f13a17b -> 
  custom:container-demuxer-webm: 4f35f7cbe854078d1ac9338744f61a02 -> 
  custom:container-demuxer-ogg: 62fdf1f143b41e24485cea50d1cbac27 -> 
  custom:video-encoder-webm-vp8: eb34c28f22e8b96e1ab97ce403110664 -> 
  custom:video-codec-MediaFoundation-h265: 746d11721c4dcdbdad8f713fa42b33f4 -> 
  custom:video-decoder-webm-vp8: 9c59270c3fd7afecdb556c50c9e8de78 -> 
  custom:audio-decoder-ogg-vorbis: bf7c407c2cedff20999df2af8eb42d56 -> 
  custom:audio-encoder-webm-vorbis: bf7c407c2cedff20999df2af8eb42d56 -> 
========================================================================
Received Import Request.
  Time since last request: 33.494231 seconds.
  path: Assets/Prefab/Model/Collider.skp
  artifactKey: Guid(db55bc9b10c406d40a82f86bb719ebf5) Importer(815301076,1909f56bfc062723c751e8b465ee728b)
Start importing Assets/Prefab/Model/Collider.skp using Guid(db55bc9b10c406d40a82f86bb719ebf5) Importer(815301076,1909f56bfc062723c751e8b465ee728b)  -> (artifact id: '313cab37347611ed5def38eadd3c9fab') in 0.390835 seconds 
========================================================================
Received Import Request.
  Time since last request: 0.000269 seconds.
  path: Assets/Prefab/Model/RotateComp.skp
  artifactKey: Guid(9ad3e8bc6f2167d47a3d7289700a5901) Importer(815301076,1909f56bfc062723c751e8b465ee728b)
Start importing Assets/Prefab/Model/RotateComp.skp using Guid(9ad3e8bc6f2167d47a3d7289700a5901) Importer(815301076,1909f56bfc062723c751e8b465ee728b)  -> (artifact id: '281d56505e3872c75659e0160b8ac26f') in 0.047417 seconds 
========================================================================
Received Import Request.
  Time since last request: 0.000172 seconds.
  path: Assets/Prefab/Model/Materials/Z.mat
  artifactKey: Guid(082ff219fbc9872469a04512d01f76c7) Importer(815301076,1909f56bfc062723c751e8b465ee728b)
Start importing Assets/Prefab/Model/Materials/Z.mat using Guid(082ff219fbc9872469a04512d01f76c7) Importer(815301076,1909f56bfc062723c751e8b465ee728b)  -> (artifact id: '6d29a0ec660bc266a8e9f29caf30d2bf') in 0.012291 seconds 
========================================================================
Received Import Request.
  Time since last request: 0.000243 seconds.
  path: Assets/Prefab/Model/Materials/HighlightTX.mat
  artifactKey: Guid(eb4e3850084ccb642ba1131e066a5998) Importer(815301076,1909f56bfc062723c751e8b465ee728b)
Start importing Assets/Prefab/Model/Materials/HighlightTX.mat using Guid(eb4e3850084ccb642ba1131e066a5998) Importer(815301076,1909f56bfc062723c751e8b465ee728b)  -> (artifact id: '7657cc0d2a57338ecc2c262cce0cb97c') in 0.012085 seconds 
========================================================================
Received Import Request.
  Time since last request: 0.000269 seconds.
  path: Assets/Scripts/Shader/Unlit_NewUnlitShader.mat
  artifactKey: Guid(f4c93c91f54f35c45a533c25ee09c289) Importer(815301076,1909f56bfc062723c751e8b465ee728b)
Start importing Assets/Scripts/Shader/Unlit_NewUnlitShader.mat using Guid(f4c93c91f54f35c45a533c25ee09c289) Importer(815301076,1909f56bfc062723c751e8b465ee728b)  -> (artifact id: '5c6b73da3c845810ef08acbcb1f2a375') in 0.011444 seconds 
========================================================================
Received Import Request.
  Time since last request: 0.000199 seconds.
  path: Assets/Prefab/Model/Materials/Y_Trans.mat
  artifactKey: Guid(f0691e271f4da0a4e9cd7e580778d26d) Importer(815301076,1909f56bfc062723c751e8b465ee728b)
Start importing Assets/Prefab/Model/Materials/Y_Trans.mat using Guid(f0691e271f4da0a4e9cd7e580778d26d) Importer(815301076,1909f56bfc062723c751e8b465ee728b)  -> (artifact id: 'a43b2f0a3268f71693a5271f20c9dbd8') in 0.011063 seconds 
========================================================================
Received Import Request.
  Time since last request: 0.000194 seconds.
  path: Assets/Prefab/Model/Materials/Gray.mat
  artifactKey: Guid(70dc925afd9f571438f8d74f9ac001ba) Importer(815301076,1909f56bfc062723c751e8b465ee728b)
Start importing Assets/Prefab/Model/Materials/Gray.mat using Guid(70dc925afd9f571438f8d74f9ac001ba) Importer(815301076,1909f56bfc062723c751e8b465ee728b)  -> (artifact id: 'ecc67bfca704f1665e52ba7a9eda424d') in 0.011788 seconds 
========================================================================
Received Import Request.
  Time since last request: 0.000206 seconds.
  path: Assets/Scripts/Shader/Shader Graphs_FrontLighting.mat
  artifactKey: Guid(d2247ee9e97408a4b941936aa2bc00a2) Importer(815301076,1909f56bfc062723c751e8b465ee728b)
Start importing Assets/Scripts/Shader/Shader Graphs_FrontLighting.mat using Guid(d2247ee9e97408a4b941936aa2bc00a2) Importer(815301076,1909f56bfc062723c751e8b465ee728b)  -> (artifact id: 'f445024b67194ebc9549fa24deb1f1d9') in 0.015025 seconds 
========================================================================
Received Import Request.
  Time since last request: 0.000235 seconds.
  path: Assets/Prefab/Model/Materials/X.mat
  artifactKey: Guid(56038fc09c63beb48a335aae6380eaf5) Importer(815301076,1909f56bfc062723c751e8b465ee728b)
Start importing Assets/Prefab/Model/Materials/X.mat using Guid(56038fc09c63beb48a335aae6380eaf5) Importer(815301076,1909f56bfc062723c751e8b465ee728b)  -> (artifact id: 'fb3270c3229a12e139fe08c2c21c8ebf') in 0.012820 seconds 
========================================================================
Received Import Request.
  Time since last request: 0.000306 seconds.
  path: Assets/Prefab/Model/Materials/Y.mat
  artifactKey: Guid(59184ddc7c8444b4c9b079921c817e93) Importer(815301076,1909f56bfc062723c751e8b465ee728b)
Start importing Assets/Prefab/Model/Materials/Y.mat using Guid(59184ddc7c8444b4c9b079921c817e93) Importer(815301076,1909f56bfc062723c751e8b465ee728b)  -> (artifact id: 'ac924c376743f6e9f2d1da0d0cb2460e') in 0.014850 seconds 
========================================================================
Received Import Request.
  Time since last request: 0.000231 seconds.
  path: Assets/Prefab/Model/Materials/Z_Trans.mat
  artifactKey: Guid(0e575c5ce9391a74a9788e4d49a93e55) Importer(815301076,1909f56bfc062723c751e8b465ee728b)
Start importing Assets/Prefab/Model/Materials/Z_Trans.mat using Guid(0e575c5ce9391a74a9788e4d49a93e55) Importer(815301076,1909f56bfc062723c751e8b465ee728b)  -> (artifact id: '1659ae55404074fb851ba9500bb9a490') in 0.012997 seconds 
========================================================================
Received Import Request.
  Time since last request: 0.000227 seconds.
  path: Assets/Prefab/Model/Materials/HighlightMain.mat
  artifactKey: Guid(f1336e3c9c7f6d941b7d1b8937d9f892) Importer(815301076,1909f56bfc062723c751e8b465ee728b)
Start importing Assets/Prefab/Model/Materials/HighlightMain.mat using Guid(f1336e3c9c7f6d941b7d1b8937d9f892) Importer(815301076,1909f56bfc062723c751e8b465ee728b)  -> (artifact id: 'b6e6cf3ac209385f3881efdba2f9dcd6') in 0.011224 seconds 
========================================================================
Received Import Request.
  Time since last request: 0.000246 seconds.
  path: Assets/Custom_NewSurfaceShader.mat
  artifactKey: Guid(10f28f6834608d843bfdb0206cb7fed8) Importer(815301076,1909f56bfc062723c751e8b465ee728b)
Start importing Assets/Custom_NewSurfaceShader.mat using Guid(10f28f6834608d843bfdb0206cb7fed8) Importer(815301076,1909f56bfc062723c751e8b465ee728b)  -> (artifact id: '3caeede2a755441a6bda3e358ec7acec') in 0.012311 seconds 
========================================================================
Received Import Request.
  Time since last request: 0.000245 seconds.
  path: Assets/Prefab/Model/Materials/X_Trans.mat
  artifactKey: Guid(1e9ac4765c93cee4c842cc6508fcfe22) Importer(815301076,1909f56bfc062723c751e8b465ee728b)
Start importing Assets/Prefab/Model/Materials/X_Trans.mat using Guid(1e9ac4765c93cee4c842cc6508fcfe22) Importer(815301076,1909f56bfc062723c751e8b465ee728b)  -> (artifact id: 'd6733501a54fdcbd7ce4183d08778594') in 0.012672 seconds 
========================================================================
Received Import Request.
  Time since last request: 228.797769 seconds.
  path: Assets/package.json
  artifactKey: Guid(f1e837ef725f97e4daf8835e393a3ce9) Importer(815301076,1909f56bfc062723c751e8b465ee728b)
Start importing Assets/package.json using Guid(f1e837ef725f97e4daf8835e393a3ce9) Importer(815301076,1909f56bfc062723c751e8b465ee728b)  -> (artifact id: '1d013399da63935bb0f3fc397f8254c5') in 0.009171 seconds 
========================================================================
Received Import Request.
  Time since last request: 40.327487 seconds.
  path: Assets/RuntimeHandles.asmdef
  artifactKey: Guid(1ad72d2001f7f944282a6046c2716929) Importer(815301076,1909f56bfc062723c751e8b465ee728b)
Start importing Assets/RuntimeHandles.asmdef using Guid(1ad72d2001f7f944282a6046c2716929) Importer(815301076,1909f56bfc062723c751e8b465ee728b)  -> (artifact id: '5103c656dc0544b256b4140a14c64f51') in 0.005798 seconds 
========================================================================
Received Prepare
Registering precompiled user dll's ...
Registered in 0.005522 seconds.
Begin MonoManager ReloadAssembly
Native extension for WindowsStandalone target not found
Native extension for WebGL target not found
Refreshing native plugins compatible for Editor in 0.94 ms, found 2 plugins.
Preloading 0 native plugins for Editor in 0.00 ms.
Mono: successfully reloaded assembly
- Completed reload, in  0.983 seconds
Domain Reload Profiling:
	ReloadAssembly (983ms)
		BeginReloadAssembly (112ms)
			ExecutionOrderSort (0ms)
			DisableScriptedObjects (6ms)
			BackupInstance (0ms)
			ReleaseScriptingObjects (0ms)
			CreateAndSetChildDomain (40ms)
		EndReloadAssembly (818ms)
			LoadAssemblies (98ms)
			RebuildTransferFunctionScriptingTraits (0ms)
			SetupTypeCache (249ms)
			ReleaseScriptCaches (2ms)
			RebuildScriptCaches (44ms)
			SetupLoadedEditorAssemblies (319ms)
				LogAssemblyErrors (0ms)
				InitializePlatformSupportModulesInManaged (5ms)
				SetLoadedEditorAssemblies (0ms)
				RefreshPlugins (1ms)
				BeforeProcessingInitializeOnLoad (106ms)
				ProcessInitializeOnLoadAttributes (154ms)
				ProcessInitializeOnLoadMethodAttributes (48ms)
				AfterProcessingInitializeOnLoad (4ms)
				EditorAssembliesLoaded (0ms)
			ExecutionOrderSort2 (0ms)
			AwakeInstancesAfterBackupRestoration (16ms)
Platform modules already initialized, skipping
Refreshing native plugins compatible for Editor in 0.82 ms, found 2 plugins.
Preloading 0 native plugins for Editor in 0.00 ms.
Unloading 3343 Unused Serialized files (Serialized files now loaded: 0)
System memory in use before: 147.1 MB.
System memory in use after: 147.4 MB.

Unloading 47 unused Assets to reduce memory usage. Loaded Objects now: 3994.
Total: 4.959600 ms (FindLiveObjects: 0.197500 ms CreateObjectMapping: 0.067000 ms MarkObjects: 4.661200 ms  DeleteObjects: 0.032300 ms)

AssetImportParameters requested are different than current active one (requested -> active):
  custom:framework-win-MediaFoundation: 216162199b28c13a410421893ffa2e32 -> 
  custom:video-decoder-ogg-theora: a1e56fd34408186e4bbccfd4996cb3dc -> 
  custom:container-muxer-webm: aa71ff27fc2769a1b78a27578f13a17b -> 
  custom:container-demuxer-webm: 4f35f7cbe854078d1ac9338744f61a02 -> 
  custom:container-demuxer-ogg: 62fdf1f143b41e24485cea50d1cbac27 -> 
  custom:video-encoder-webm-vp8: eb34c28f22e8b96e1ab97ce403110664 -> 
  custom:video-codec-MediaFoundation-h265: 746d11721c4dcdbdad8f713fa42b33f4 -> 
  custom:video-decoder-webm-vp8: 9c59270c3fd7afecdb556c50c9e8de78 -> 
  custom:audio-decoder-ogg-vorbis: bf7c407c2cedff20999df2af8eb42d56 -> 
  custom:audio-encoder-webm-vorbis: bf7c407c2cedff20999df2af8eb42d56 -> 
========================================================================
Received Import Request.
  Time since last request: 201.817415 seconds.
  path: Assets/package.json
  artifactKey: Guid(f1e837ef725f97e4daf8835e393a3ce9) Importer(815301076,1909f56bfc062723c751e8b465ee728b)
Start importing Assets/package.json using Guid(f1e837ef725f97e4daf8835e393a3ce9) Importer(815301076,1909f56bfc062723c751e8b465ee728b)  -> (artifact id: 'e1436bf2b6dfb630cda983038f25d01d') in 0.028925 seconds 
========================================================================
Received Import Request.
  Time since last request: 177.506752 seconds.
  path: Assets/RuntimeHandles.asmdef
  artifactKey: Guid(1ad72d2001f7f944282a6046c2716929) Importer(815301076,1909f56bfc062723c751e8b465ee728b)
Start importing Assets/RuntimeHandles.asmdef using Guid(1ad72d2001f7f944282a6046c2716929) Importer(815301076,1909f56bfc062723c751e8b465ee728b)  -> (artifact id: 'd708da8b48598915ab5e0f0e8b93d3f3') in 0.003541 seconds 
========================================================================
Received Prepare
Registering precompiled user dll's ...
Registered in 0.005173 seconds.
Begin MonoManager ReloadAssembly
Native extension for WindowsStandalone target not found
Native extension for WebGL target not found
Refreshing native plugins compatible for Editor in 0.80 ms, found 2 plugins.
Preloading 0 native plugins for Editor in 0.00 ms.
Mono: successfully reloaded assembly
- Completed reload, in  0.959 seconds
Domain Reload Profiling:
	ReloadAssembly (960ms)
		BeginReloadAssembly (105ms)
			ExecutionOrderSort (0ms)
			DisableScriptedObjects (6ms)
			BackupInstance (0ms)
			ReleaseScriptingObjects (0ms)
			CreateAndSetChildDomain (33ms)
		EndReloadAssembly (804ms)
			LoadAssemblies (100ms)
			RebuildTransferFunctionScriptingTraits (0ms)
			SetupTypeCache (233ms)
			ReleaseScriptCaches (2ms)
			RebuildScriptCaches (43ms)
			SetupLoadedEditorAssemblies (330ms)
				LogAssemblyErrors (0ms)
				InitializePlatformSupportModulesInManaged (5ms)
				SetLoadedEditorAssemblies (0ms)
				RefreshPlugins (1ms)
				BeforeProcessingInitializeOnLoad (103ms)
				ProcessInitializeOnLoadAttributes (168ms)
				ProcessInitializeOnLoadMethodAttributes (47ms)
				AfterProcessingInitializeOnLoad (5ms)
				EditorAssembliesLoaded (0ms)
			ExecutionOrderSort2 (0ms)
			AwakeInstancesAfterBackupRestoration (14ms)
Platform modules already initialized, skipping
Refreshing native plugins compatible for Editor in 0.79 ms, found 2 plugins.
Preloading 0 native plugins for Editor in 0.00 ms.
Unloading 3343 Unused Serialized files (Serialized files now loaded: 0)
System memory in use before: 147.1 MB.
System memory in use after: 147.4 MB.

Unloading 47 unused Assets to reduce memory usage. Loaded Objects now: 3997.
Total: 5.087200 ms (FindLiveObjects: 0.209600 ms CreateObjectMapping: 0.067400 ms MarkObjects: 4.774800 ms  DeleteObjects: 0.034400 ms)

AssetImportParameters requested are different than current active one (requested -> active):
  custom:framework-win-MediaFoundation: 216162199b28c13a410421893ffa2e32 -> 
  custom:video-decoder-ogg-theora: a1e56fd34408186e4bbccfd4996cb3dc -> 
  custom:container-muxer-webm: aa71ff27fc2769a1b78a27578f13a17b -> 
  custom:container-demuxer-webm: 4f35f7cbe854078d1ac9338744f61a02 -> 
  custom:container-demuxer-ogg: 62fdf1f143b41e24485cea50d1cbac27 -> 
  custom:video-encoder-webm-vp8: eb34c28f22e8b96e1ab97ce403110664 -> 
  custom:video-codec-MediaFoundation-h265: 746d11721c4dcdbdad8f713fa42b33f4 -> 
  custom:video-decoder-webm-vp8: 9c59270c3fd7afecdb556c50c9e8de78 -> 
  custom:audio-decoder-ogg-vorbis: bf7c407c2cedff20999df2af8eb42d56 -> 
  custom:audio-encoder-webm-vorbis: bf7c407c2cedff20999df2af8eb42d56 -> 
========================================================================
Received Import Request.
  Time since last request: 168.151333 seconds.
  path: Assets/package.json
  artifactKey: Guid(f1e837ef725f97e4daf8835e393a3ce9) Importer(815301076,1909f56bfc062723c751e8b465ee728b)
Start importing Assets/package.json using Guid(f1e837ef725f97e4daf8835e393a3ce9) Importer(815301076,1909f56bfc062723c751e8b465ee728b)  -> (artifact id: '02d4748dbe2c336a439bab0ca76ed746') in 0.026208 seconds 
AssetImportWorkerClient::OnTransportError - code=2 error=End of file
